Step 0: loss = 48609.157 (2324.854 sec)
  Training data eval:
    Num-samples:139106   Num-correct:139043   Precision:0.9995
  Validation data eval:
    Num-samples:34229   Num-correct:26170   Precision:0.7646
Step 1: loss = 1183.321 (2273.588 sec)
Step 2: loss = 917.178 (2276.500 sec)
Step 3: loss = 824.304 (2283.198 sec)
Step 4: loss = 781.676 (2278.314 sec)
Step 5: loss = 757.542 (2281.543 sec)
  Training data eval:
    Num-samples:139106   Num-correct:139106   Precision:1.0000
  Validation data eval:
    Num-samples:34229   Num-correct:26525   Precision:0.7749
Step 6: loss = 774.021 (2292.287 sec)
Step 7: loss = 743.517 (2280.172 sec)
Step 8: loss = 740.287 (2278.760 sec)
Step 9: loss = 745.853 (2285.336 sec)
Step 10: loss = 731.650 (2288.484 sec)
  Training data eval:
    Num-samples:139106   Num-correct:139106   Precision:1.0000
  Validation data eval:
    Num-samples:34229   Num-correct:26597   Precision:0.7770
Step 11: loss = 733.042 (2284.540 sec)
Step 12: loss = 728.312 (2290.033 sec)
Step 13: loss = 724.494 (2283.353 sec)
Step 14: loss = 719.895 (2296.958 sec)
Step 15: loss = 740.902 (2234.157 sec)
  Training data eval:
    Num-samples:139106   Num-correct:139106   Precision:1.0000
  Validation data eval:
    Num-samples:34229   Num-correct:26455   Precision:0.7729
Step 16: loss = 717.399 (2160.564 sec)
Step 17: loss = 718.781 (2161.359 sec)
Step 18: loss = 716.780 (2199.045 sec)
Step 19: loss = 713.422 (2203.123 sec)
  Training data eval:
    Num-samples:139106   Num-correct:139106   Precision:1.0000
  Validation data eval:
    Num-samples:34229   Num-correct:26479   Precision:0.7736
Step 21: loss = 711.256 (2214.316 sec)
Step 22: loss = 714.027 (2200.663 sec)
Step 23: loss = 709.450 (2229.641 sec)
Step 24: loss = 707.268 (2210.606 sec)
Step 25: loss = 708.574 (2213.012 sec)
  Training data eval:
    Num-samples:139106   Num-correct:139106   Precision:1.0000
  Validation data eval:
    Num-samples:34229   Num-correct:26490   Precision:0.7739
Early stopping...
