Step 0: loss = 294257.725 (1219.091 sec)
  Training data eval:
    Num-samples:172788   Num-correct:172484   Precision:0.9982
  Validation data eval:
    Num-samples:7033   Num-correct:5496   Precision:0.7815
Precision: 0.7815
Step 1: loss = 61223.740 (1182.449 sec)
Step 2: loss = 25360.819 (1180.941 sec)
Step 3: loss = 27109.495 (1179.007 sec)
  Training data eval:
    Num-samples:172788   Num-correct:172780   Precision:1.0000
  Validation data eval:
    Num-samples:7033   Num-correct:5512   Precision:0.7837
Precision: 0.7837
Step 4: loss = 16390.325 (1179.651 sec)
Step 5: loss = 21484.884 (1227.059 sec)
Step 6: loss = 19308.835 (1646.413 sec)
  Training data eval:
    Num-samples:172788   Num-correct:172776   Precision:0.9999
  Validation data eval:
    Num-samples:7033   Num-correct:5602   Precision:0.7965
Precision: 0.7965
Step 7: loss = 13917.909 (2101.086 sec)
Step 8: loss = 16269.824 (2405.179 sec)
Step 9: loss = 16400.083 (2179.289 sec)
  Training data eval:
    Num-samples:172788   Num-correct:172792   Precision:1.0000
  Validation data eval:
    Num-samples:7033   Num-correct:5627   Precision:0.8001
Precision: 0.8001
Step 10: loss = 15313.766 (2139.894 sec)
Step 11: loss = 14964.334 (2158.805 sec)
Step 12: loss = 15723.242 (2136.723 sec)
  Training data eval:
    Num-samples:172788   Num-correct:172795   Precision:1.0000
  Validation data eval:
    Num-samples:7033   Num-correct:5722   Precision:0.8136
Precision: 0.8136
Step 13: loss = 14654.330 (2196.720 sec)
Step 14: loss = 16790.881 (2160.075 sec)
Step 15: loss = 15237.749 (2198.366 sec)
  Training data eval:
    Num-samples:172788   Num-correct:172793   Precision:1.0000
  Validation data eval:
    Num-samples:7033   Num-correct:5453   Precision:0.7753
Precision: 0.7753
Step 16: loss = 13310.724 (2402.513 sec)
Step 17: loss = 16339.140 (2289.621 sec)
Step 18: loss = 18970.294 (2553.186 sec)
  Training data eval:
    Num-samples:172788   Num-correct:172756   Precision:0.9998
  Validation data eval:
    Num-samples:7033   Num-correct:5544   Precision:0.7883
Precision: 0.7883
Step 19: loss = 17234.381 (2714.414 sec)
Step 20: loss = 16420.353 (2682.588 sec)
Step 21: loss = 13451.783 (2708.918 sec)
  Training data eval:
    Num-samples:172788   Num-correct:172796   Precision:1.0000
  Validation data eval:
    Num-samples:7033   Num-correct:5663   Precision:0.8052
Precision: 0.8052
Step 22: loss = 14042.193 (2733.235 sec)
Step 23: loss = 15873.971 (2746.623 sec)
Step 24: loss = 19520.029 (2728.554 sec)
  Training data eval:
    Num-samples:172788   Num-correct:172783   Precision:1.0000
  Validation data eval:
    Num-samples:7033   Num-correct:5287   Precision:0.7517
Precision: 0.7517
Step 25: loss = 16175.167 (2808.411 sec)
Step 26: loss = 18048.914 (2784.339 sec)
Step 27: loss = 17026.837 (2775.883 sec)
  Training data eval:
    Num-samples:172788   Num-correct:172783   Precision:1.0000
  Validation data eval:
    Num-samples:7033   Num-correct:5242   Precision:0.7453
Precision: 0.7453
Step 28: loss = 23358.433 (2542.883 sec)
Step 29: loss = 19531.408 (2523.795 sec)
Step 30: loss = 20662.167 (2509.662 sec)
  Training data eval:
    Num-samples:172788   Num-correct:172785   Precision:1.0000
  Validation data eval:
    Num-samples:7033   Num-correct:5407   Precision:0.7688
Precision: 0.7688
Step 31: loss = 23735.870 (2520.218 sec)
Step 32: loss = 22628.801 (2505.185 sec)
Step 33: loss = 16458.401 (2512.947 sec)
  Training data eval:
    Num-samples:172788   Num-correct:172785   Precision:1.0000
  Validation data eval:
    Num-samples:7033   Num-correct:5263   Precision:0.7483
Precision: 0.7483
Step 34: loss = 21508.388 (3103.952 sec)
