Step 0: loss = 115373.615 (248.116 sec)
  Training data eval:
    Num-samples:34844   Num-correct:25517   Precision:0.7323
  Validation data eval:
    Num-samples:7033   Num-correct:4012   Precision:0.5705
Precision: 0.5705
Step 1: loss = 68232.434 (202.928 sec)
Step 2: loss = 42723.940 (203.150 sec)
Step 3: loss = 25853.306 (202.623 sec)
  Training data eval:
    Num-samples:34844   Num-correct:34726   Precision:0.9966
  Validation data eval:
    Num-samples:7033   Num-correct:5488   Precision:0.7803
Precision: 0.7803
Step 4: loss = 20350.022 (202.162 sec)
Step 5: loss = 14174.315 (201.737 sec)
Step 6: loss = 10649.289 (201.399 sec)
  Training data eval:
    Num-samples:34844   Num-correct:34837   Precision:0.9998
  Validation data eval:
    Num-samples:7033   Num-correct:5509   Precision:0.7833
Precision: 0.7833
Step 7: loss = 8870.736 (201.609 sec)
Step 8: loss = 7507.381 (201.120 sec)
Step 9: loss = 7297.111 (201.001 sec)
  Training data eval:
    Num-samples:34844   Num-correct:34838   Precision:0.9998
  Validation data eval:
    Num-samples:7033   Num-correct:5794   Precision:0.8238
Precision: 0.8238
Step 10: loss = 5961.477 (200.723 sec)
Step 11: loss = 5626.977 (200.446 sec)
Step 12: loss = 6639.170 (200.566 sec)
  Training data eval:
    Num-samples:34844   Num-correct:34842   Precision:0.9999
  Validation data eval:
    Num-samples:7033   Num-correct:5765   Precision:0.8197
Precision: 0.8197
Step 13: loss = 4852.015 (200.600 sec)
Step 14: loss = 4885.494 (200.636 sec)
Step 15: loss = 3265.698 (200.446 sec)
  Training data eval:
    Num-samples:34844   Num-correct:34844   Precision:1.0000
  Validation data eval:
    Num-samples:7033   Num-correct:5726   Precision:0.8142
Precision: 0.8142
Step 16: loss = 4240.309 (200.328 sec)
Step 17: loss = 4354.712 (200.103 sec)
Step 18: loss = 5503.283 (200.116 sec)
  Training data eval:
    Num-samples:34844   Num-correct:34441   Precision:0.9884
  Validation data eval:
    Num-samples:7033   Num-correct:5361   Precision:0.7623
Precision: 0.7623
Step 19: loss = 16541.559 (198.759 sec)
Step 20: loss = 8632.380 (198.508 sec)
Step 21: loss = 4710.061 (198.480 sec)
  Training data eval:
    Num-samples:34844   Num-correct:34844   Precision:1.0000
  Validation data eval:
    Num-samples:7033   Num-correct:5499   Precision:0.7819
Precision: 0.7819
Step 22: loss = 2708.656 (199.061 sec)
Step 23: loss = 2943.168 (198.823 sec)
Step 24: loss = 2983.048 (198.354 sec)
  Training data eval:
    Num-samples:34844   Num-correct:34844   Precision:1.0000
  Validation data eval:
    Num-samples:7033   Num-correct:5424   Precision:0.7712
Precision: 0.7712
Step 25: loss = 3392.430 (198.515 sec)
Step 26: loss = 2765.328 (198.527 sec)
Step 27: loss = 2501.459 (198.383 sec)
  Training data eval:
    Num-samples:34844   Num-correct:34844   Precision:1.0000
  Validation data eval:
    Num-samples:7033   Num-correct:5423   Precision:0.7711
Precision: 0.7711
Step 28: loss = 2925.563 (198.375 sec)
Step 29: loss = 3091.578 (198.577 sec)
Step 30: loss = 2544.549 (198.397 sec)
  Training data eval:
    Num-samples:34844   Num-correct:34842   Precision:0.9999
  Validation data eval:
    Num-samples:7033   Num-correct:5401   Precision:0.7680
Precision: 0.7680
Step 31: loss = 3077.256 (197.857 sec)
Step 32: loss = 3079.029 (197.429 sec)
Step 33: loss = 3059.138 (197.512 sec)
  Training data eval:
    Num-samples:34844   Num-correct:34843   Precision:1.0000
  Validation data eval:
    Num-samples:7033   Num-correct:5570   Precision:0.7920
Precision: 0.7920
Step 34: loss = 4249.916 (197.710 sec)
Step 35: loss = 2777.479 (197.350 sec)
Step 36: loss = 2322.407 (197.521 sec)
  Training data eval:
    Num-samples:34844   Num-correct:34844   Precision:1.0000
  Validation data eval:
    Num-samples:7033   Num-correct:5467   Precision:0.7773
Precision: 0.7773
Step 37: loss = 2523.156 (197.405 sec)
Step 38: loss = 3499.861 (197.010 sec)
Step 39: loss = 4206.037 (196.993 sec)
  Training data eval:
    Num-samples:34844   Num-correct:34843   Precision:1.0000
  Validation data eval:
    Num-samples:7033   Num-correct:5394   Precision:0.7670
Precision: 0.7670
Step 40: loss = 3158.662 (197.178 sec)
Step 41: loss = 3170.153 (197.028 sec)
Step 42: loss = 3102.432 (196.913 sec)
  Training data eval:
    Num-samples:34844   Num-correct:34841   Precision:0.9999
  Validation data eval:
    Num-samples:7033   Num-correct:5556   Precision:0.7900
Precision: 0.7900
Step 43: loss = 2852.617 (196.955 sec)
Step 44: loss = 4281.815 (196.805 sec)
Step 45: loss = 3444.983 (197.020 sec)
  Training data eval:
    Num-samples:34844   Num-correct:34844   Precision:1.0000
  Validation data eval:
    Num-samples:7033   Num-correct:5427   Precision:0.7716
Precision: 0.7716
Step 46: loss = 2555.799 (196.985 sec)
Step 47: loss = 2642.814 (196.598 sec)
Step 48: loss = 2966.005 (196.586 sec)
  Training data eval:
    Num-samples:34844   Num-correct:34843   Precision:1.0000
  Validation data eval:
    Num-samples:7033   Num-correct:5270   Precision:0.7493
Precision: 0.7493
Step 49: loss = 2955.555 (196.793 sec)
Step 50: loss = 2791.634 (196.356 sec)
Step 51: loss = 2402.698 (196.364 sec)
  Training data eval:
    Num-samples:34844   Num-correct:34844   Precision:1.0000
  Validation data eval:
    Num-samples:7033   Num-correct:5492   Precision:0.7809
Precision: 0.7809
Step 52: loss = 2095.042 (196.573 sec)
Step 53: loss = 3107.410 (196.127 sec)
Step 54: loss = 1850.388 (196.390 sec)
  Training data eval:
    Num-samples:34844   Num-correct:34844   Precision:1.0000
  Validation data eval:
    Num-samples:7033   Num-correct:5429   Precision:0.7719
Precision: 0.7719
Step 55: loss = 3708.049 (196.261 sec)
Step 56: loss = 3025.956 (195.875 sec)
Step 57: loss = 2848.050 (196.086 sec)
  Training data eval:
    Num-samples:34844   Num-correct:34844   Precision:1.0000
  Validation data eval:
    Num-samples:7033   Num-correct:5436   Precision:0.7729
Precision: 0.7729
Step 58: loss = 2730.232 (195.923 sec)
Step 59: loss = 2972.218 (195.930 sec)
Step 60: loss = 3565.673 (196.557 sec)
  Training data eval:
    Num-samples:34844   Num-correct:34844   Precision:1.0000
  Validation data eval:
    Num-samples:7033   Num-correct:5388   Precision:0.7661
Precision: 0.7661
Step 61: loss = 3802.270 (195.956 sec)
Step 62: loss = 2946.936 (195.808 sec)
Step 63: loss = 2200.113 (195.887 sec)
  Training data eval:
    Num-samples:34844   Num-correct:34844   Precision:1.0000
  Validation data eval:
    Num-samples:7033   Num-correct:5424   Precision:0.7712
Precision: 0.7712
Early stopping...
